# JRE version: Java(TM) SE Runtime Environment (21.0.1+12) (build 21.0.1+12-LTS-29)
# Java VM: Java HotSpot(TM) 64-Bit Server VM (21.0.1+12-LTS-29, mixed mode, sharing, tiered, compressed oops, compressed class ptrs, parallel gc, windows-amd64)
GC Precious Log:
 CardTable entry size: 512
 CPUs: 4 total, 4 available
 Memory: 14987M
 Large Page Support: Disabled
 NUMA Support: Disabled
 Compressed Oops: Enabled (32-bit)
 Alignments: Space 512K, Generation 512K, Heap 2M
 Heap Min Capacity: 100M
 Heap Initial Capacity: 100M
 Heap Max Capacity: 1G
 Pre-touch: Disabled
 Parallel Workers: 4
Heap:
 PSYoungGen      total 22016K, used 18540K [0x00000000eab00000, 0x00000000ec380000, 0x0000000100000000)
  eden space 20480K, 83% used [0x00000000eab00000,0x00000000ebba7458,0x00000000ebf00000)
  from space 1536K, 96% used [0x00000000ec100000,0x00000000ec273f98,0x00000000ec280000)
  to   space 2048K, 0% used [0x00000000ebf00000,0x00000000ebf00000,0x00000000ec100000)
 ParOldGen       total 68608K, used 39142K [0x00000000c0000000, 0x00000000c4300000, 0x00000000eab00000)
  object space 68608K, 57% used [0x00000000c0000000,0x00000000c2639b48,0x00000000c4300000)
 Metaspace       used 54961K, committed 56256K, reserved 1114112K
  class space    used 5787K, committed 6336K, reserved 1048576K
GC Heap History (20 events):
Event: 15.765 GC heap before
{Heap before GC invocations=21 (full 2):
 PSYoungGen      total 23552K, used 23360K [0x00000000eab00000, 0x00000000ec480000, 0x0000000100000000)
  eden space 22016K, 100% used [0x00000000eab00000,0x00000000ec080000,0x00000000ec080000)
  from space 1536K, 87% used [0x00000000ec300000,0x00000000ec450000,0x00000000ec480000)
  to   space 1536K, 0% used [0x00000000ec080000,0x00000000ec080000,0x00000000ec200000)
 ParOldGen       total 68608K, used 23305K [0x00000000c0000000, 0x00000000c4300000, 0x00000000eab00000)
  object space 68608K, 33% used [0x00000000c0000000,0x00000000c16c24d8,0x00000000c4300000)
 Metaspace       used 45823K, committed 46912K, reserved 1114112K
  class space    used 4880K, committed 5376K, reserved 1048576K
}
Event: 15.770 GC heap after
{Heap after GC invocations=21 (full 2):
 PSYoungGen      total 23552K, used 1526K [0x00000000eab00000, 0x00000000ec880000, 0x0000000100000000)
  eden space 22016K, 0% used [0x00000000eab00000,0x00000000eab00000,0x00000000ec080000)
  from space 1536K, 99% used [0x00000000ec080000,0x00000000ec1fd998,0x00000000ec200000)
  to   space 4096K, 0% used [0x00000000ec480000,0x00000000ec480000,0x00000000ec880000)
 ParOldGen       total 68608K, used 25211K [0x00000000c0000000, 0x00000000c4300000, 0x00000000eab00000)
  object space 68608K, 36% used [0x00000000c0000000,0x00000000c189edd0,0x00000000c4300000)
 Metaspace       used 45823K, committed 46912K, reserved 1114112K
  class space    used 4880K, committed 5376K, reserved 1048576K
}
Event: 15.875 GC heap before
{Heap before GC invocations=22 (full 2):
 PSYoungGen      total 23552K, used 23542K [0x00000000eab00000, 0x00000000ec880000, 0x0000000100000000)
  eden space 22016K, 100% used [0x00000000eab00000,0x00000000ec080000,0x00000000ec080000)
  from space 1536K, 99% used [0x00000000ec080000,0x00000000ec1fd998,0x00000000ec200000)
  to   space 4096K, 0% used [0x00000000ec480000,0x00000000ec480000,0x00000000ec880000)
 ParOldGen       total 68608K, used 25211K [0x00000000c0000000, 0x00000000c4300000, 0x00000000eab00000)
  object space 68608K, 36% used [0x00000000c0000000,0x00000000c189edd0,0x00000000c4300000)
 Metaspace       used 45824K, committed 46912K, reserved 1114112K
  class space    used 4880K, committed 5376K, reserved 1048576K
}
Event: 15.880 GC heap after
{Heap after GC invocations=22 (full 2):
 PSYoungGen      total 24064K, used 1984K [0x00000000eab00000, 0x00000000ec680000, 0x0000000100000000)
  eden space 22016K, 0% used [0x00000000eab00000,0x00000000eab00000,0x00000000ec080000)
  from space 2048K, 96% used [0x00000000ec480000,0x00000000ec670000,0x00000000ec680000)
  to   space 2560K, 0% used [0x00000000ec180000,0x00000000ec180000,0x00000000ec400000)
 ParOldGen       total 68608K, used 26744K [0x00000000c0000000, 0x00000000c4300000, 0x00000000eab00000)
  object space 68608K, 38% used [0x00000000c0000000,0x00000000c1a1e1f8,0x00000000c4300000)
 Metaspace       used 45824K, committed 46912K, reserved 1114112K
  class space    used 4880K, committed 5376K, reserved 1048576K
}
Event: 15.978 GC heap before
{Heap before GC invocations=23 (full 2):
 PSYoungGen      total 24064K, used 24000K [0x00000000eab00000, 0x00000000ec680000, 0x0000000100000000)
  eden space 22016K, 100% used [0x00000000eab00000,0x00000000ec080000,0x00000000ec080000)
  from space 2048K, 96% used [0x00000000ec480000,0x00000000ec670000,0x00000000ec680000)
  to   space 2560K, 0% used [0x00000000ec180000,0x00000000ec180000,0x00000000ec400000)
 ParOldGen       total 68608K, used 26744K [0x00000000c0000000, 0x00000000c4300000, 0x00000000eab00000)
  object space 68608K, 38% used [0x00000000c0000000,0x00000000c1a1e1f8,0x00000000c4300000)
 Metaspace       used 45871K, committed 46976K, reserved 1114112K
  class space    used 4883K, committed 5376K, reserved 1048576K
}
Event: 15.984 GC heap after
{Heap after GC invocations=23 (full 2):
 PSYoungGen      total 24576K, used 2286K [0x00000000eab00000, 0x00000000ec580000, 0x0000000100000000)
  eden space 22016K, 0% used [0x00000000eab00000,0x00000000eab00000,0x00000000ec080000)
  from space 2560K, 89% used [0x00000000ec180000,0x00000000ec3bb8b8,0x00000000ec400000)
  to   space 1536K, 0% used [0x00000000ec400000,0x00000000ec400000,0x00000000ec580000)
 ParOldGen       total 68608K, used 28656K [0x00000000c0000000, 0x00000000c4300000, 0x00000000eab00000)
  object space 68608K, 41% used [0x00000000c0000000,0x00000000c1bfc1f8,0x00000000c4300000)
 Metaspace       used 45871K, committed 46976K, reserved 1114112K
  class space    used 4883K, committed 5376K, reserved 1048576K
}
Event: 16.060 GC heap before
{Heap before GC invocations=24 (full 2):
 PSYoungGen      total 24576K, used 24302K [0x00000000eab00000, 0x00000000ec580000, 0x0000000100000000)
  eden space 22016K, 100% used [0x00000000eab00000,0x00000000ec080000,0x00000000ec080000)
  from space 2560K, 89% used [0x00000000ec180000,0x00000000ec3bb8b8,0x00000000ec400000)
  to   space 1536K, 0% used [0x00000000ec400000,0x00000000ec400000,0x00000000ec580000)
 ParOldGen       total 68608K, used 28656K [0x00000000c0000000, 0x00000000c4300000, 0x00000000eab00000)
  object space 68608K, 41% used [0x00000000c0000000,0x00000000c1bfc1f8,0x00000000c4300000)
 Metaspace       used 45877K, committed 46976K, reserved 1114112K
  class space    used 4884K, committed 5376K, reserved 1048576K
}
Event: 16.068 GC heap after
{Heap after GC invocations=24 (full 2):
 PSYoungGen      total 22528K, used 1536K [0x00000000eab00000, 0x00000000ec980000, 0x0000000100000000)
  eden space 20992K, 0% used [0x00000000eab00000,0x00000000eab00000,0x00000000ebf80000)
  from space 1536K, 100% used [0x00000000ec400000,0x00000000ec580000,0x00000000ec580000)
  to   space 4608K, 0% used [0x00000000ebf80000,0x00000000ebf80000,0x00000000ec400000)
 ParOldGen       total 68608K, used 31148K [0x00000000c0000000, 0x00000000c4300000, 0x00000000eab00000)
  object space 68608K, 45% used [0x00000000c0000000,0x00000000c1e6b268,0x00000000c4300000)
 Metaspace       used 45877K, committed 46976K, reserved 1114112K
  class space    used 4884K, committed 5376K, reserved 1048576K
}
Event: 16.468 GC heap before
{Heap before GC invocations=25 (full 2):
 PSYoungGen      total 22528K, used 22528K [0x00000000eab00000, 0x00000000ec980000, 0x0000000100000000)
  eden space 20992K, 100% used [0x00000000eab00000,0x00000000ebf80000,0x00000000ebf80000)
  from space 1536K, 100% used [0x00000000ec400000,0x00000000ec580000,0x00000000ec580000)
  to   space 4608K, 0% used [0x00000000ebf80000,0x00000000ebf80000,0x00000000ec400000)
 ParOldGen       total 68608K, used 31148K [0x00000000c0000000, 0x00000000c4300000, 0x00000000eab00000)
  object space 68608K, 45% used [0x00000000c0000000,0x00000000c1e6b268,0x00000000c4300000)
 Metaspace       used 47596K, committed 48704K, reserved 1114112K
  class space    used 5046K, committed 5504K, reserved 1048576K
}
Event: 16.472 GC heap after
{Heap after GC invocations=25 (full 2):
 PSYoungGen      total 23552K, used 2272K [0x00000000eab00000, 0x00000000ec580000, 0x0000000100000000)
  eden space 20992K, 0% used [0x00000000eab00000,0x00000000eab00000,0x00000000ebf80000)
  from space 2560K, 88% used [0x00000000ebf80000,0x00000000ec1b82e8,0x00000000ec200000)
  to   space 3072K, 0% used [0x00000000ec280000,0x00000000ec280000,0x00000000ec580000)
 ParOldGen       total 68608K, used 32687K [0x00000000c0000000, 0x00000000c4300000, 0x00000000eab00000)
  object space 68608K, 47% used [0x00000000c0000000,0x00000000c1febe40,0x00000000c4300000)
 Metaspace       used 47596K, committed 48704K, reserved 1114112K
  class space    used 5046K, committed 5504K, reserved 1048576K
}
Event: 17.141 GC heap before
{Heap before GC invocations=26 (full 2):
 PSYoungGen      total 23552K, used 23264K [0x00000000eab00000, 0x00000000ec580000, 0x0000000100000000)
  eden space 20992K, 100% used [0x00000000eab00000,0x00000000ebf80000,0x00000000ebf80000)
  from space 2560K, 88% used [0x00000000ebf80000,0x00000000ec1b82e8,0x00000000ec200000)
  to   space 3072K, 0% used [0x00000000ec280000,0x00000000ec280000,0x00000000ec580000)
 ParOldGen       total 68608K, used 32687K [0x00000000c0000000, 0x00000000c4300000, 0x00000000eab00000)
  object space 68608K, 47% used [0x00000000c0000000,0x00000000c1febe40,0x00000000c4300000)
 Metaspace       used 48350K, committed 49472K, reserved 1114112K
  class space    used 5157K, committed 5632K, reserved 1048576K
}
Event: 17.147 GC heap after
{Heap after GC invocations=26 (full 2):
 PSYoungGen      total 23040K, used 1788K [0x00000000eab00000, 0x00000000ec480000, 0x0000000100000000)
  eden space 20992K, 0% used [0x00000000eab00000,0x00000000eab00000,0x00000000ebf80000)
  from space 2048K, 87% used [0x00000000ec280000,0x00000000ec43f010,0x00000000ec480000)
  to   space 2560K, 0% used [0x00000000ebf80000,0x00000000ebf80000,0x00000000ec200000)
 ParOldGen       total 68608K, used 34844K [0x00000000c0000000, 0x00000000c4300000, 0x00000000eab00000)
  object space 68608K, 50% used [0x00000000c0000000,0x00000000c22070a8,0x00000000c4300000)
 Metaspace       used 48350K, committed 49472K, reserved 1114112K
  class space    used 5157K, committed 5632K, reserved 1048576K
}
Event: 18.288 GC heap before
{Heap before GC invocations=27 (full 2):
 PSYoungGen      total 23040K, used 22754K [0x00000000eab00000, 0x00000000ec480000, 0x0000000100000000)
  eden space 20992K, 99% used [0x00000000eab00000,0x00000000ebf79878,0x00000000ebf80000)
  from space 2048K, 87% used [0x00000000ec280000,0x00000000ec43f010,0x00000000ec480000)
  to   space 2560K, 0% used [0x00000000ebf80000,0x00000000ebf80000,0x00000000ec200000)
 ParOldGen       total 68608K, used 34844K [0x00000000c0000000, 0x00000000c4300000, 0x00000000eab00000)
  object space 68608K, 50% used [0x00000000c0000000,0x00000000c22070a8,0x00000000c4300000)
 Metaspace       used 49531K, committed 50624K, reserved 1114112K
  class space    used 5253K, committed 5760K, reserved 1048576K
}
Event: 18.292 GC heap after
{Heap after GC invocations=27 (full 2):
 PSYoungGen      total 23552K, used 2278K [0x00000000eab00000, 0x00000000ec480000, 0x0000000100000000)
  eden space 20992K, 0% used [0x00000000eab00000,0x00000000eab00000,0x00000000ebf80000)
  from space 2560K, 88% used [0x00000000ebf80000,0x00000000ec1b9928,0x00000000ec200000)
  to   space 2560K, 0% used [0x00000000ec200000,0x00000000ec200000,0x00000000ec480000)
 ParOldGen       total 68608K, used 36534K [0x00000000c0000000, 0x00000000c4300000, 0x00000000eab00000)
  object space 68608K, 53% used [0x00000000c0000000,0x00000000c23adbd0,0x00000000c4300000)
 Metaspace       used 49531K, committed 50624K, reserved 1114112K
  class space    used 5253K, committed 5760K, reserved 1048576K
}
Event: 18.620 GC heap before
{Heap before GC invocations=28 (full 2):
 PSYoungGen      total 23552K, used 23270K [0x00000000eab00000, 0x00000000ec480000, 0x0000000100000000)
  eden space 20992K, 100% used [0x00000000eab00000,0x00000000ebf80000,0x00000000ebf80000)
  from space 2560K, 88% used [0x00000000ebf80000,0x00000000ec1b9928,0x00000000ec200000)
  to   space 2560K, 0% used [0x00000000ec200000,0x00000000ec200000,0x00000000ec480000)
 ParOldGen       total 68608K, used 36534K [0x00000000c0000000, 0x00000000c4300000, 0x00000000eab00000)
  object space 68608K, 53% used [0x00000000c0000000,0x00000000c23adbd0,0x00000000c4300000)
 Metaspace       used 49594K, committed 50752K, reserved 1114112K
  class space    used 5258K, committed 5760K, reserved 1048576K
}
Event: 18.622 GC heap after
{Heap after GC invocations=28 (full 2):
 PSYoungGen      total 22016K, used 606K [0x00000000eab00000, 0x00000000ec300000, 0x0000000100000000)
  eden space 20992K, 0% used [0x00000000eab00000,0x00000000eab00000,0x00000000ebf80000)
  from space 1024K, 59% used [0x00000000ec200000,0x00000000ec297b28,0x00000000ec300000)
  to   space 1536K, 0% used [0x00000000ec000000,0x00000000ec000000,0x00000000ec180000)
 ParOldGen       total 68608K, used 38249K [0x00000000c0000000, 0x00000000c4300000, 0x00000000eab00000)
  object space 68608K, 55% used [0x00000000c0000000,0x00000000c255a7f0,0x00000000c4300000)
 Metaspace       used 49594K, committed 50752K, reserved 1114112K
  class space    used 5258K, committed 5760K, reserved 1048576K
}
Event: 19.104 GC heap before
{Heap before GC invocations=29 (full 2):
 PSYoungGen      total 22016K, used 21571K [0x00000000eab00000, 0x00000000ec300000, 0x0000000100000000)
  eden space 20992K, 99% used [0x00000000eab00000,0x00000000ebf792f0,0x00000000ebf80000)
  from space 1024K, 59% used [0x00000000ec200000,0x00000000ec297b28,0x00000000ec300000)
  to   space 1536K, 0% used [0x00000000ec000000,0x00000000ec000000,0x00000000ec180000)
 ParOldGen       total 68608K, used 38249K [0x00000000c0000000, 0x00000000c4300000, 0x00000000eab00000)
  object space 68608K, 55% used [0x00000000c0000000,0x00000000c255a7f0,0x00000000c4300000)
 Metaspace       used 50866K, committed 52032K, reserved 1114112K
  class space    used 5383K, committed 5888K, reserved 1048576K
}
Event: 19.105 GC heap after
{Heap after GC invocations=29 (full 2):
 PSYoungGen      total 22016K, used 955K [0x00000000eab00000, 0x00000000ec280000, 0x0000000100000000)
  eden space 20992K, 0% used [0x00000000eab00000,0x00000000eab00000,0x00000000ebf80000)
  from space 1024K, 93% used [0x00000000ec000000,0x00000000ec0eed08,0x00000000ec100000)
  to   space 1536K, 0% used [0x00000000ec100000,0x00000000ec100000,0x00000000ec280000)
 ParOldGen       total 68608K, used 38281K [0x00000000c0000000, 0x00000000c4300000, 0x00000000eab00000)
  object space 68608K, 55% used [0x00000000c0000000,0x00000000c25627f0,0x00000000c4300000)
 Metaspace       used 50866K, committed 52032K, reserved 1114112K
  class space    used 5383K, committed 5888K, reserved 1048576K
}
Event: 19.866 GC heap before
{Heap before GC invocations=30 (full 2):
 PSYoungGen      total 22016K, used 21946K [0x00000000eab00000, 0x00000000ec280000, 0x0000000100000000)
  eden space 20992K, 99% used [0x00000000eab00000,0x00000000ebf7fe80,0x00000000ebf80000)
  from space 1024K, 93% used [0x00000000ec000000,0x00000000ec0eed08,0x00000000ec100000)
  to   space 1536K, 0% used [0x00000000ec100000,0x00000000ec100000,0x00000000ec280000)
 ParOldGen       total 68608K, used 38281K [0x00000000c0000000, 0x00000000c4300000, 0x00000000eab00000)
  object space 68608K, 55% used [0x00000000c0000000,0x00000000c25627f0,0x00000000c4300000)
 Metaspace       used 52982K, committed 54144K, reserved 1114112K
  class space    used 5603K, committed 6080K, reserved 1048576K
}
Event: 19.868 GC heap after
{Heap after GC invocations=30 (full 2):
 PSYoungGen      total 22016K, used 1487K [0x00000000eab00000, 0x00000000ec380000, 0x0000000100000000)
  eden space 20480K, 0% used [0x00000000eab00000,0x00000000eab00000,0x00000000ebf00000)
  from space 1536K, 96% used [0x00000000ec100000,0x00000000ec273f98,0x00000000ec280000)
  to   space 2048K, 0% used [0x00000000ebf00000,0x00000000ebf00000,0x00000000ec100000)
 ParOldGen       total 68608K, used 39142K [0x00000000c0000000, 0x00000000c4300000, 0x00000000eab00000)
  object space 68608K, 57% used [0x00000000c0000000,0x00000000c2639b48,0x00000000c4300000)
 Metaspace       used 52982K, committed 54144K, reserved 1114112K
  class space    used 5603K, committed 6080K, reserved 1048576K
}

